[debug] [2019-12-01T13:47:51.286Z] ----------------------------------------------------------------------
[debug] [2019-12-01T13:47:51.288Z] Command:       C:\Program Files\nodejs\node.exe C:\Users\ASUS\AppData\Roaming\npm\node_modules\firebase-tools\lib\bin\firebase.js init
[debug] [2019-12-01T13:47:51.288Z] CLI Version:   7.8.1
[debug] [2019-12-01T13:47:51.288Z] Platform:      win32
[debug] [2019-12-01T13:47:51.288Z] Node Version:  v10.15.3
[debug] [2019-12-01T13:47:51.289Z] Time:          Sun Dec 01 2019 20:47:51 GMT+0700 (Indochina Time)
[debug] [2019-12-01T13:47:51.289Z] ----------------------------------------------------------------------
[debug] [2019-12-01T13:47:51.289Z] 
[debug] [2019-12-01T13:47:51.295Z] > command requires scopes: ["email","openid","https://www.googleapis.com/auth/cloudplatformprojects.readonly","https://www.googleapis.com/auth/firebase","https://www.googleapis.com/auth/cloud-platform"]
[debug] [2019-12-01T13:47:51.295Z] > authorizing via signed-in user
[info] 
     ######## #### ########  ######## ########     ###     ######  ########
     ##        ##  ##     ## ##       ##     ##  ##   ##  ##       ##
     ######    ##  ########  ######   ########  #########  ######  ######
     ##        ##  ##    ##  ##       ##     ## ##     ##       ## ##
     ##       #### ##     ## ######## ########  ##     ##  ######  ########

You're about to initialize a Firebase project in this directory:

  C:\Users\ASUS\Desktop\nodejsforlearning\jwt_react_learn\jwtmysql

[info] 
=== Project Setup
[info] 
[info] First, let's associate this project directory with a Firebase project.
[info] You can create multiple project aliases by running firebase use --add, 
[info] but for now we'll just set up a default project.
[info] 
[debug] [2019-12-01T13:48:21.281Z] > refreshing access token with scopes: ["email","https://www.googleapis.com/auth/cloud-platform","https://www.googleapis.com/auth/cloudplatformprojects.readonly","https://www.googleapis.com/auth/firebase","openid"]
[debug] [2019-12-01T13:48:21.281Z] >>> HTTP REQUEST POST https://www.googleapis.com/oauth2/v3/token  
 <request body omitted>
[debug] [2019-12-01T13:48:21.503Z] <<< HTTP RESPONSE 200
[debug] [2019-12-01T13:48:21.546Z] >>> HTTP REQUEST GET https://firebase.googleapis.com/v1beta1/projects?pageSize=100  
 
[debug] [2019-12-01T13:48:22.107Z] <<< HTTP RESPONSE 200
[info] i  Using project ethipul-5f9a9 (ethipul)
[info] 
=== Database Setup
[info] 
[info] Firebase Realtime Database Rules allow you to define how your data should be
[info] structured and when your data can be read from and written to.
[info] 
[debug] [2019-12-01T13:48:38.024Z] >>> HTTP REQUEST GET https://ethipul-5f9a9.firebaseio.com/.settings/rules.json  
 
[debug] [2019-12-01T13:48:39.078Z] <<< HTTP RESPONSE 200
[debug] [2019-12-01T13:48:39.234Z] Error: EISDIR: illegal operation on a directory, open 'C:\Users\ASUS\Desktop\nodejsforlearning\jwt_react_learn\jwtmysql'
    at Object.openSync (fs.js:438:3)
    at Object.writeFileSync (fs.js:1189:35)
    at Config.writeProjectFile (C:\Users\ASUS\AppData\Roaming\npm\node_modules\firebase-tools\lib\config.js:179:8)
    at C:\Users\ASUS\AppData\Roaming\npm\node_modules\firebase-tools\lib\init\features\database.js:25:23
    at process._tickCallback (internal/process/next_tick.js:68:7)
[error] 
[error] Error: An unexpected error has occurred.
